D:\ZMQ\ZMQ_WORKER\DEBUG\ZMQ_WORKER.EXE
D:\ZMQ\ZMQ_WORKER\DEBUG\ZMQ_WORKER.ILK
D:\ZMQ\ZMQ_WORKER\DEBUG\ZMQ_WORKER.PDB
D:\ZMQ\ZMQ_WORKER\ZMQ_WORKER\Debug\cl.command.1.tlog
D:\ZMQ\ZMQ_WORKER\ZMQ_WORKER\Debug\CL.read.1.tlog
D:\ZMQ\ZMQ_WORKER\ZMQ_WORKER\Debug\CL.write.1.tlog
D:\ZMQ\ZMQ_WORKER\ZMQ_WORKER\Debug\link.6348.read.1.tlog
D:\ZMQ\ZMQ_WORKER\ZMQ_WORKER\Debug\link.6348.write.1.tlog
D:\ZMQ\ZMQ_WORKER\ZMQ_WORKER\Debug\link.6348-cvtres.read.1.tlog
D:\ZMQ\ZMQ_WORKER\ZMQ_WORKER\Debug\link.6348-cvtres.write.1.tlog
D:\ZMQ\ZMQ_WORKER\ZMQ_WORKER\Debug\link.6620.read.1.tlog
D:\ZMQ\ZMQ_WORKER\ZMQ_WORKER\Debug\link.6620.write.1.tlog
D:\ZMQ\ZMQ_WORKER\ZMQ_WORKER\Debug\link.6620-cvtres.read.1.tlog
D:\ZMQ\ZMQ_WORKER\ZMQ_WORKER\Debug\link.6620-cvtres.write.1.tlog
D:\ZMQ\ZMQ_WORKER\ZMQ_WORKER\Debug\link.command.1.tlog
D:\ZMQ\ZMQ_WORKER\ZMQ_WORKER\Debug\link.read.1.tlog
D:\ZMQ\ZMQ_WORKER\ZMQ_WORKER\Debug\link.write.1.tlog
D:\ZMQ\ZMQ_WORKER\ZMQ_WORKER\Debug\link-cvtres.read.1.tlog
D:\ZMQ\ZMQ_WORKER\ZMQ_WORKER\Debug\link-cvtres.write.1.tlog
D:\ZMQ\ZMQ_WORKER\ZMQ_WORKER\DEBUG\MDWORKER.OBJ
D:\ZMQ\ZMQ_WORKER\ZMQ_WORKER\DEBUG\MDWRKAPI.OBJ
D:\ZMQ\ZMQ_WORKER\ZMQ_WORKER\Debug\mt.command.1.tlog
D:\ZMQ\ZMQ_WORKER\ZMQ_WORKER\Debug\mt.read.1.tlog
D:\ZMQ\ZMQ_WORKER\ZMQ_WORKER\Debug\mt.write.1.tlog
D:\ZMQ\ZMQ_WORKER\ZMQ_WORKER\Debug\rc.command.1.tlog
D:\ZMQ\ZMQ_WORKER\ZMQ_WORKER\Debug\rc.read.1.tlog
D:\ZMQ\ZMQ_WORKER\ZMQ_WORKER\Debug\rc.write.1.tlog
D:\ZMQ\ZMQ_WORKER\ZMQ_WORKER\Debug\vc100.idb
D:\ZMQ\ZMQ_WORKER\ZMQ_WORKER\DEBUG\VC100.PDB
D:\ZMQ\ZMQ_WORKER\ZMQ_WORKER\DEBUG\ZMQ_WORKER.EXE.EMBED.MANIFEST
D:\ZMQ\ZMQ_WORKER\ZMQ_WORKER\DEBUG\ZMQ_WORKER.EXE.EMBED.MANIFEST.RES
D:\ZMQ\ZMQ_WORKER\ZMQ_WORKER\DEBUG\ZMQ_WORKER.EXE.INTERMEDIATE.MANIFEST
D:\ZMQ\ZMQ_WORKER\ZMQ_WORKER\Debug\ZMQ_WORKER_manifest.rc
