Build started 2014/4/4 15:10:51.
     1>Project "D:\project\ZMQ\ZMQ_WORKER\ZMQ_WORKER\ZMQ_WORKER.vcxproj" on node 2 (build target(s)).
     1>InitializeBuildStatus:
         Creating "Debug\ZMQ_WORKER.unsuccessfulbuild" because "AlwaysCreate" was specified.
       ClCompile:
         C:\Program Files (x86)\Microsoft Visual Studio 10.0\VC\bin\CL.exe /c /ZI /nologo /W3 /WX- /Od /Oy- /D WIN32 /D _DEBUG /D _CONSOLE /D _UNICODE /D UNICODE /Gm /EHsc /RTC1 /MDd /GS /fp:precise /Zc:wchar_t /Zc:forScope /Fo"Debug\\" /Fd"Debug\vc100.pdb" /Gd /TC /analyze- /errorReport:prompt mdworker.c mdwrkapi.c
         mdwrkapi.c
     1>d:\project\zmq\zmq_worker\zmq_worker\mdwrkapi.c(95): warning C4996: 'strdup': The POSIX name for this item is deprecated. Instead, use the ISO C++ conformant name: _strdup. See online help for details.
                 c:\program files (x86)\microsoft visual studio 10.0\vc\include\string.h(238) : see declaration of 'strdup'
     1>d:\project\zmq\zmq_worker\zmq_worker\mdwrkapi.c(96): warning C4996: 'strdup': The POSIX name for this item is deprecated. Instead, use the ISO C++ conformant name: _strdup. See online help for details.
                 c:\program files (x86)\microsoft visual studio 10.0\vc\include\string.h(238) : see declaration of 'strdup'
     1>d:\project\zmq\zmq_worker\zmq_worker\mdwrkapi.c(237): warning C4018: '>' : signed/unsigned mismatch
         mdworker.c
         Generating Code...
       ManifestResourceCompile:
         C:\Program Files (x86)\Microsoft SDKs\Windows\v7.0A\bin\rc.exe /nologo /fo"Debug\ZMQ_WORKER.exe.embed.manifest.res" Debug\ZMQ_WORKER_manifest.rc 
       Link:
         C:\Program Files (x86)\Microsoft Visual Studio 10.0\VC\bin\link.exe /ERRORREPORT:PROMPT /OUT:"D:\project\ZMQ\ZMQ_WORKER\Debug\ZMQ_WORKER.exe" /INCREMENTAL /NOLOGO "czmq-1.3.2_d.lib" libzmq_d.lib kernel32.lib user32.lib gdi32.lib winspool.lib comdlg32.lib advapi32.lib shell32.lib ole32.lib oleaut32.lib uuid.lib odbc32.lib odbccp32.lib /MANIFEST /ManifestFile:"Debug\ZMQ_WORKER.exe.intermediate.manifest" /MANIFESTUAC:"level='asInvoker' uiAccess='false'" /DEBUG /PDB:"D:\project\ZMQ\ZMQ_WORKER\Debug\ZMQ_WORKER.pdb" /SUBSYSTEM:CONSOLE /TLBID:1 /DYNAMICBASE /NXCOMPAT /IMPLIB:"D:\project\ZMQ\ZMQ_WORKER\Debug\ZMQ_WORKER.lib" /MACHINE:X86 Debug\ZMQ_WORKER.exe.embed.manifest.res
         Debug\mdworker.obj
         Debug\mdwrkapi.obj
       Manifest:
         C:\Program Files (x86)\Microsoft SDKs\Windows\v7.0A\bin\mt.exe /nologo /verbose /out:"Debug\ZMQ_WORKER.exe.embed.manifest" /manifest Debug\ZMQ_WORKER.exe.intermediate.manifest
         All outputs are up-to-date.
       LinkEmbedManifest:
         All outputs are up-to-date.
         ZMQ_WORKER.vcxproj -> D:\project\ZMQ\ZMQ_WORKER\Debug\ZMQ_WORKER.exe
       FinalizeBuildStatus:
         Deleting file "Debug\ZMQ_WORKER.unsuccessfulbuild".
         Touching "Debug\ZMQ_WORKER.lastbuildstate".
     1>Done Building Project "D:\project\ZMQ\ZMQ_WORKER\ZMQ_WORKER\ZMQ_WORKER.vcxproj" (build target(s)).

Build succeeded.

Time Elapsed 00:00:02.40
