Build started 2013/11/6 13:10:07.
     1>Project "D:\ZMQ\ZMQ_WORKER\ZMQ_WORKER\ZMQ_WORKER.vcxproj" on node 2 (rebuild target(s)).
     1>_PrepareForClean:
         Deleting file "Release\ZMQ_WORKER.lastbuildstate".
       InitializeBuildStatus:
         Creating "Release\ZMQ_WORKER.unsuccessfulbuild" because "AlwaysCreate" was specified.
       ClCompile:
         C:\Program Files (x86)\Microsoft Visual Studio 10.0\VC\bin\CL.exe /c /Zi /nologo /W3 /WX- /O2 /Oi /Oy- /GL /D WIN32 /D NDEBUG /D _CONSOLE /D _UNICODE /D UNICODE /Gm- /EHsc /MD /GS /Gy /fp:precise /Zc:wchar_t /Zc:forScope /Fo"Release\\" /Fd"Release\vc100.pdb" /Gd /TC /analyze- /errorReport:prompt mdworker.c mdwrkapi.c
         mdworker.c
         mdwrkapi.c
     1>mdwrkapi.c(95): warning C4996: 'strdup': The POSIX name for this item is deprecated. Instead, use the ISO C++ conformant name: _strdup. See online help for details.
                 C:\Program Files (x86)\Microsoft Visual Studio 10.0\VC\include\string.h(238) : see declaration of 'strdup'
     1>mdwrkapi.c(96): warning C4996: 'strdup': The POSIX name for this item is deprecated. Instead, use the ISO C++ conformant name: _strdup. See online help for details.
                 C:\Program Files (x86)\Microsoft Visual Studio 10.0\VC\include\string.h(238) : see declaration of 'strdup'
     1>mdwrkapi.c(237): warning C4018: '>' : signed/unsigned mismatch
       Link:
         C:\Program Files (x86)\Microsoft Visual Studio 10.0\VC\bin\link.exe /ERRORREPORT:PROMPT /OUT:"D:\ZMQ\ZMQ_WORKER\Release\ZMQ_WORKER.exe" /INCREMENTAL:NO /NOLOGO libzmq.lib "czmq-1.3.2.lib" kernel32.lib user32.lib gdi32.lib winspool.lib comdlg32.lib advapi32.lib shell32.lib ole32.lib oleaut32.lib uuid.lib odbc32.lib odbccp32.lib /MANIFEST /ManifestFile:"Release\ZMQ_WORKER.exe.intermediate.manifest" /MANIFESTUAC:"level='asInvoker' uiAccess='false'" /DEBUG /PDB:"D:\ZMQ\ZMQ_WORKER\Release\ZMQ_WORKER.pdb" /SUBSYSTEM:CONSOLE /OPT:REF /OPT:ICF /LTCG /TLBID:1 /DYNAMICBASE /NXCOMPAT /IMPLIB:"D:\ZMQ\ZMQ_WORKER\Release\ZMQ_WORKER.lib" /MACHINE:X86 Release\mdworker.obj
         Release\mdwrkapi.obj
         Generating code
         Finished generating code
         ZMQ_WORKER.vcxproj -> D:\ZMQ\ZMQ_WORKER\Release\ZMQ_WORKER.exe
       Manifest:
         C:\Program Files (x86)\Microsoft SDKs\Windows\v7.0A\bin\mt.exe /nologo /verbose /outputresource:"D:\ZMQ\ZMQ_WORKER\Release\ZMQ_WORKER.exe;#1" /manifest Release\ZMQ_WORKER.exe.intermediate.manifest
       FinalizeBuildStatus:
         Deleting file "Release\ZMQ_WORKER.unsuccessfulbuild".
         Touching "Release\ZMQ_WORKER.lastbuildstate".
     1>Done Building Project "D:\ZMQ\ZMQ_WORKER\ZMQ_WORKER\ZMQ_WORKER.vcxproj" (rebuild target(s)).

Build succeeded.

Time Elapsed 00:00:01.09
