D:\ZMQ\ZMQ_BROKER\DEBUG\ZMQ_BROKER.EXE
D:\ZMQ\ZMQ_BROKER\DEBUG\ZMQ_BROKER.ILK
D:\ZMQ\ZMQ_BROKER\DEBUG\ZMQ_BROKER.PDB
D:\ZMQ\ZMQ_BROKER\ZMQ_BROKER\Debug\cl.command.1.tlog
D:\ZMQ\ZMQ_BROKER\ZMQ_BROKER\Debug\CL.read.1.tlog
D:\ZMQ\ZMQ_BROKER\ZMQ_BROKER\Debug\CL.write.1.tlog
D:\ZMQ\ZMQ_BROKER\ZMQ_BROKER\Debug\link.4868.read.1.tlog
D:\ZMQ\ZMQ_BROKER\ZMQ_BROKER\Debug\link.4868.write.1.tlog
D:\ZMQ\ZMQ_BROKER\ZMQ_BROKER\Debug\link.4868-cvtres.read.1.tlog
D:\ZMQ\ZMQ_BROKER\ZMQ_BROKER\Debug\link.4868-cvtres.write.1.tlog
D:\ZMQ\ZMQ_BROKER\ZMQ_BROKER\Debug\link.7112.read.1.tlog
D:\ZMQ\ZMQ_BROKER\ZMQ_BROKER\Debug\link.7112.write.1.tlog
D:\ZMQ\ZMQ_BROKER\ZMQ_BROKER\Debug\link.7112-cvtres.read.1.tlog
D:\ZMQ\ZMQ_BROKER\ZMQ_BROKER\Debug\link.7112-cvtres.write.1.tlog
D:\ZMQ\ZMQ_BROKER\ZMQ_BROKER\Debug\link.7408.read.1.tlog
D:\ZMQ\ZMQ_BROKER\ZMQ_BROKER\Debug\link.7408.write.1.tlog
D:\ZMQ\ZMQ_BROKER\ZMQ_BROKER\Debug\link.7408-cvtres.read.1.tlog
D:\ZMQ\ZMQ_BROKER\ZMQ_BROKER\Debug\link.7408-cvtres.write.1.tlog
D:\ZMQ\ZMQ_BROKER\ZMQ_BROKER\Debug\link.command.1.tlog
D:\ZMQ\ZMQ_BROKER\ZMQ_BROKER\Debug\link.read.1.tlog
D:\ZMQ\ZMQ_BROKER\ZMQ_BROKER\Debug\link.write.1.tlog
D:\ZMQ\ZMQ_BROKER\ZMQ_BROKER\Debug\link-cvtres.read.1.tlog
D:\ZMQ\ZMQ_BROKER\ZMQ_BROKER\Debug\link-cvtres.write.1.tlog
D:\ZMQ\ZMQ_BROKER\ZMQ_BROKER\DEBUG\MDBROKER.OBJ
D:\ZMQ\ZMQ_BROKER\ZMQ_BROKER\Debug\mt.command.1.tlog
D:\ZMQ\ZMQ_BROKER\ZMQ_BROKER\Debug\mt.read.1.tlog
D:\ZMQ\ZMQ_BROKER\ZMQ_BROKER\Debug\mt.write.1.tlog
D:\ZMQ\ZMQ_BROKER\ZMQ_BROKER\Debug\rc.command.1.tlog
D:\ZMQ\ZMQ_BROKER\ZMQ_BROKER\Debug\rc.read.1.tlog
D:\ZMQ\ZMQ_BROKER\ZMQ_BROKER\Debug\rc.write.1.tlog
D:\ZMQ\ZMQ_BROKER\ZMQ_BROKER\Debug\vc100.idb
D:\ZMQ\ZMQ_BROKER\ZMQ_BROKER\DEBUG\VC100.PDB
D:\ZMQ\ZMQ_BROKER\ZMQ_BROKER\DEBUG\ZMQ_BROKER.EXE.EMBED.MANIFEST
D:\ZMQ\ZMQ_BROKER\ZMQ_BROKER\DEBUG\ZMQ_BROKER.EXE.EMBED.MANIFEST.RES
D:\ZMQ\ZMQ_BROKER\ZMQ_BROKER\DEBUG\ZMQ_BROKER.EXE.INTERMEDIATE.MANIFEST
D:\ZMQ\ZMQ_BROKER\ZMQ_BROKER\Debug\ZMQ_BROKER_manifest.rc
