Build started 2014/4/4 15:09:16.
     1>Project "D:\project\ZMQ\ZMQ_BROKER\ZMQ_BROKER\ZMQ_BROKER.vcxproj" on node 2 (build target(s)).
     1>InitializeBuildStatus:
         Touching "Debug\ZMQ_BROKER.unsuccessfulbuild".
       ClCompile:
         All outputs are up-to-date.
       ManifestResourceCompile:
         C:\Program Files (x86)\Microsoft SDKs\Windows\v7.0A\bin\rc.exe /nologo /fo"Debug\ZMQ_BROKER.exe.embed.manifest.res" Debug\ZMQ_BROKER_manifest.rc 
       Link:
         C:\Program Files (x86)\Microsoft Visual Studio 10.0\VC\bin\link.exe /ERRORREPORT:PROMPT /OUT:"D:\project\ZMQ\ZMQ_BROKER\Debug\ZMQ_BROKER.exe" /INCREMENTAL /NOLOGO "czmq-1.3.2_d.lib" libzmq_d.lib kernel32.lib user32.lib gdi32.lib winspool.lib comdlg32.lib advapi32.lib shell32.lib ole32.lib oleaut32.lib uuid.lib odbc32.lib odbccp32.lib /MANIFEST /ManifestFile:"Debug\ZMQ_BROKER.exe.intermediate.manifest" /MANIFESTUAC:"level='asInvoker' uiAccess='false'" /DEBUG /PDB:"D:\project\ZMQ\ZMQ_BROKER\Debug\ZMQ_BROKER.pdb" /SUBSYSTEM:CONSOLE /TLBID:1 /DYNAMICBASE /NXCOMPAT /IMPLIB:"D:\project\ZMQ\ZMQ_BROKER\Debug\ZMQ_BROKER.lib" /MACHINE:X86 Debug\ZMQ_BROKER.exe.embed.manifest.res
         Debug\mdbroker.obj
       Manifest:
         C:\Program Files (x86)\Microsoft SDKs\Windows\v7.0A\bin\mt.exe /nologo /verbose /out:"Debug\ZMQ_BROKER.exe.embed.manifest" /manifest Debug\ZMQ_BROKER.exe.intermediate.manifest
         All outputs are up-to-date.
       LinkEmbedManifest:
         All outputs are up-to-date.
         ZMQ_BROKER.vcxproj -> D:\project\ZMQ\ZMQ_BROKER\Debug\ZMQ_BROKER.exe
       FinalizeBuildStatus:
         Deleting file "Debug\ZMQ_BROKER.unsuccessfulbuild".
         Touching "Debug\ZMQ_BROKER.lastbuildstate".
     1>Done Building Project "D:\project\ZMQ\ZMQ_BROKER\ZMQ_BROKER\ZMQ_BROKER.vcxproj" (build target(s)).

Build succeeded.

Time Elapsed 00:00:04.82
