Build started 2013/11/6 17:48:52.
     1>Project "D:\ZMQ\ZMQ_CLIENT\ZMQ_CLIENT\ZMQ_CLIENT.vcxproj" on node 2 (build target(s)).
     1>InitializeBuildStatus:
         Creating "Release\ZMQ_CLIENT.unsuccessfulbuild" because "AlwaysCreate" was specified.
       ClCompile:
         C:\Program Files (x86)\Microsoft Visual Studio 10.0\VC\bin\CL.exe /c /Zi /nologo /W3 /WX- /O2 /Oi /Oy- /GL /D WIN32 /D NDEBUG /D _CONSOLE /D _UNICODE /D UNICODE /Gm- /EHsc /MD /GS /Gy /fp:precise /Zc:wchar_t /Zc:forScope /Fo"Release\\" /Fd"Release\vc100.pdb" /Gd /TC /analyze- /errorReport:prompt mdclient.c
         mdclient.c
     1>mdclient.c(14): warning C4101: 'count' : unreferenced local variable
       Link:
         C:\Program Files (x86)\Microsoft Visual Studio 10.0\VC\bin\link.exe /ERRORREPORT:PROMPT /OUT:"D:\ZMQ\ZMQ_CLIENT\Release\ZMQ_CLIENT.exe" /INCREMENTAL:NO /NOLOGO libzmq.lib "czmq-1.3.2.lib" kernel32.lib user32.lib gdi32.lib winspool.lib comdlg32.lib advapi32.lib shell32.lib ole32.lib oleaut32.lib uuid.lib odbc32.lib odbccp32.lib /MANIFEST /ManifestFile:"Release\ZMQ_CLIENT.exe.intermediate.manifest" /MANIFESTUAC:"level='asInvoker' uiAccess='false'" /DEBUG /PDB:"D:\ZMQ\ZMQ_CLIENT\Release\ZMQ_CLIENT.pdb" /SUBSYSTEM:CONSOLE /OPT:REF /OPT:ICF /LTCG /TLBID:1 /DYNAMICBASE /NXCOMPAT /IMPLIB:"D:\ZMQ\ZMQ_CLIENT\Release\ZMQ_CLIENT.lib" /MACHINE:X86 Release\mdcliapi.obj
         Release\mdclient.obj
         Generating code
         Finished generating code
         ZMQ_CLIENT.vcxproj -> D:\ZMQ\ZMQ_CLIENT\Release\ZMQ_CLIENT.exe
       Manifest:
         C:\Program Files (x86)\Microsoft SDKs\Windows\v7.0A\bin\mt.exe /nologo /verbose /outputresource:"D:\ZMQ\ZMQ_CLIENT\Release\ZMQ_CLIENT.exe;#1" /manifest Release\ZMQ_CLIENT.exe.intermediate.manifest
       FinalizeBuildStatus:
         Deleting file "Release\ZMQ_CLIENT.unsuccessfulbuild".
         Touching "Release\ZMQ_CLIENT.lastbuildstate".
     1>Done Building Project "D:\ZMQ\ZMQ_CLIENT\ZMQ_CLIENT\ZMQ_CLIENT.vcxproj" (build target(s)).

Build succeeded.

Time Elapsed 00:00:00.73
