Determining if the Q_WS_WIN exist failed with the following output:
Change Dir: /mnt/disk/PTPS/CMakeFiles/CMakeTmp

Run Build Command:/usr/bin/gmake "cmTryCompileExec2617049010/fast"
/usr/bin/gmake -f CMakeFiles/cmTryCompileExec2617049010.dir/build.make CMakeFiles/cmTryCompileExec2617049010.dir/build
gmake[1]: Entering directory `/mnt/disk/PTPS/CMakeFiles/CMakeTmp'
/usr/bin/cmake -E cmake_progress_report /mnt/disk/PTPS/CMakeFiles/CMakeTmp/CMakeFiles 1
Building CXX object CMakeFiles/cmTryCompileExec2617049010.dir/CheckSymbolExists.cxx.o
/usr/bin/c++    -I/mnt/disk/soft/qt-4.8.2/include    -o CMakeFiles/cmTryCompileExec2617049010.dir/CheckSymbolExists.cxx.o -c /mnt/disk/PTPS/CMakeFiles/CMakeTmp/CheckSymbolExists.cxx
/mnt/disk/PTPS/CMakeFiles/CMakeTmp/CheckSymbolExists.cxx: In function ‘int main(int, char**)’:
/mnt/disk/PTPS/CMakeFiles/CMakeTmp/CheckSymbolExists.cxx:8:19: error: ‘Q_WS_WIN’ was not declared in this scope
   return ((int*)(&Q_WS_WIN))[argc];
                   ^
gmake[1]: Leaving directory `/mnt/disk/PTPS/CMakeFiles/CMakeTmp'
gmake[1]: *** [CMakeFiles/cmTryCompileExec2617049010.dir/CheckSymbolExists.cxx.o] Error 1
gmake: *** [cmTryCompileExec2617049010/fast] Error 2

File /mnt/disk/PTPS/CMakeFiles/CMakeTmp/CheckSymbolExists.cxx:
/* */
#include <QtCore/qglobal.h>

int main(int argc, char** argv)
{
  (void)argv;
#ifndef Q_WS_WIN
  return ((int*)(&Q_WS_WIN))[argc];
#else
  (void)argc;
  return 0;
#endif
}

Determining if the Q_WS_QWS exist failed with the following output:
Change Dir: /mnt/disk/PTPS/CMakeFiles/CMakeTmp

Run Build Command:/usr/bin/gmake "cmTryCompileExec1025763336/fast"
/usr/bin/gmake -f CMakeFiles/cmTryCompileExec1025763336.dir/build.make CMakeFiles/cmTryCompileExec1025763336.dir/build
gmake[1]: Entering directory `/mnt/disk/PTPS/CMakeFiles/CMakeTmp'
/usr/bin/cmake -E cmake_progress_report /mnt/disk/PTPS/CMakeFiles/CMakeTmp/CMakeFiles 1
Building CXX object CMakeFiles/cmTryCompileExec1025763336.dir/CheckSymbolExists.cxx.o
/usr/bin/c++    -I/mnt/disk/soft/qt-4.8.2/include    -o CMakeFiles/cmTryCompileExec1025763336.dir/CheckSymbolExists.cxx.o -c /mnt/disk/PTPS/CMakeFiles/CMakeTmp/CheckSymbolExists.cxx
/mnt/disk/PTPS/CMakeFiles/CMakeTmp/CheckSymbolExists.cxx: In function ‘int main(int, char**)’:
/mnt/disk/PTPS/CMakeFiles/CMakeTmp/CheckSymbolExists.cxx:8:19: error: ‘Q_WS_QWS’ was not declared in this scope
   return ((int*)(&Q_WS_QWS))[argc];
                   ^
gmake[1]: Leaving directory `/mnt/disk/PTPS/CMakeFiles/CMakeTmp'
gmake[1]: *** [CMakeFiles/cmTryCompileExec1025763336.dir/CheckSymbolExists.cxx.o] Error 1
gmake: *** [cmTryCompileExec1025763336/fast] Error 2

File /mnt/disk/PTPS/CMakeFiles/CMakeTmp/CheckSymbolExists.cxx:
/* */
#include <QtCore/qglobal.h>

int main(int argc, char** argv)
{
  (void)argv;
#ifndef Q_WS_QWS
  return ((int*)(&Q_WS_QWS))[argc];
#else
  (void)argc;
  return 0;
#endif
}

Determining if the Q_WS_MAC exist failed with the following output:
Change Dir: /mnt/disk/PTPS/CMakeFiles/CMakeTmp

Run Build Command:/usr/bin/gmake "cmTryCompileExec2099841985/fast"
/usr/bin/gmake -f CMakeFiles/cmTryCompileExec2099841985.dir/build.make CMakeFiles/cmTryCompileExec2099841985.dir/build
gmake[1]: Entering directory `/mnt/disk/PTPS/CMakeFiles/CMakeTmp'
/usr/bin/cmake -E cmake_progress_report /mnt/disk/PTPS/CMakeFiles/CMakeTmp/CMakeFiles 1
Building CXX object CMakeFiles/cmTryCompileExec2099841985.dir/CheckSymbolExists.cxx.o
/usr/bin/c++    -I/mnt/disk/soft/qt-4.8.2/include    -o CMakeFiles/cmTryCompileExec2099841985.dir/CheckSymbolExists.cxx.o -c /mnt/disk/PTPS/CMakeFiles/CMakeTmp/CheckSymbolExists.cxx
/mnt/disk/PTPS/CMakeFiles/CMakeTmp/CheckSymbolExists.cxx: In function ‘int main(int, char**)’:
/mnt/disk/PTPS/CMakeFiles/CMakeTmp/CheckSymbolExists.cxx:8:19: error: ‘Q_WS_MAC’ was not declared in this scope
   return ((int*)(&Q_WS_MAC))[argc];
                   ^
gmake[1]: Leaving directory `/mnt/disk/PTPS/CMakeFiles/CMakeTmp'
gmake[1]: *** [CMakeFiles/cmTryCompileExec2099841985.dir/CheckSymbolExists.cxx.o] Error 1
gmake: *** [cmTryCompileExec2099841985/fast] Error 2

File /mnt/disk/PTPS/CMakeFiles/CMakeTmp/CheckSymbolExists.cxx:
/* */
#include <QtCore/qglobal.h>

int main(int argc, char** argv)
{
  (void)argv;
#ifndef Q_WS_MAC
  return ((int*)(&Q_WS_MAC))[argc];
#else
  (void)argc;
  return 0;
#endif
}

