D:\ZMQ\ZMQ_CLIENT\DEBUG\ZMQ_CLIENT.EXE
D:\ZMQ\ZMQ_CLIENT\DEBUG\ZMQ_CLIENT.ILK
D:\ZMQ\ZMQ_CLIENT\DEBUG\ZMQ_CLIENT.PDB
D:\ZMQ\ZMQ_CLIENT\ZMQ_CLIENT\Debug\cl.command.1.tlog
D:\ZMQ\ZMQ_CLIENT\ZMQ_CLIENT\Debug\CL.read.1.tlog
D:\ZMQ\ZMQ_CLIENT\ZMQ_CLIENT\Debug\CL.write.1.tlog
D:\ZMQ\ZMQ_CLIENT\ZMQ_CLIENT\Debug\link.2264.read.1.tlog
D:\ZMQ\ZMQ_CLIENT\ZMQ_CLIENT\Debug\link.2264.write.1.tlog
D:\ZMQ\ZMQ_CLIENT\ZMQ_CLIENT\Debug\link.2264-cvtres.read.1.tlog
D:\ZMQ\ZMQ_CLIENT\ZMQ_CLIENT\Debug\link.2264-cvtres.write.1.tlog
D:\ZMQ\ZMQ_CLIENT\ZMQ_CLIENT\Debug\link.7948.read.1.tlog
D:\ZMQ\ZMQ_CLIENT\ZMQ_CLIENT\Debug\link.7948.write.1.tlog
D:\ZMQ\ZMQ_CLIENT\ZMQ_CLIENT\Debug\link.7948-cvtres.read.1.tlog
D:\ZMQ\ZMQ_CLIENT\ZMQ_CLIENT\Debug\link.7948-cvtres.write.1.tlog
D:\ZMQ\ZMQ_CLIENT\ZMQ_CLIENT\Debug\link.command.1.tlog
D:\ZMQ\ZMQ_CLIENT\ZMQ_CLIENT\Debug\link.read.1.tlog
D:\ZMQ\ZMQ_CLIENT\ZMQ_CLIENT\Debug\link.write.1.tlog
D:\ZMQ\ZMQ_CLIENT\ZMQ_CLIENT\Debug\link-cvtres.read.1.tlog
D:\ZMQ\ZMQ_CLIENT\ZMQ_CLIENT\Debug\link-cvtres.write.1.tlog
D:\ZMQ\ZMQ_CLIENT\ZMQ_CLIENT\DEBUG\MDCLIAPI.OBJ
D:\ZMQ\ZMQ_CLIENT\ZMQ_CLIENT\DEBUG\MDCLIENT.OBJ
D:\ZMQ\ZMQ_CLIENT\ZMQ_CLIENT\Debug\mt.command.1.tlog
D:\ZMQ\ZMQ_CLIENT\ZMQ_CLIENT\Debug\mt.read.1.tlog
D:\ZMQ\ZMQ_CLIENT\ZMQ_CLIENT\Debug\mt.write.1.tlog
D:\ZMQ\ZMQ_CLIENT\ZMQ_CLIENT\Debug\rc.command.1.tlog
D:\ZMQ\ZMQ_CLIENT\ZMQ_CLIENT\Debug\rc.read.1.tlog
D:\ZMQ\ZMQ_CLIENT\ZMQ_CLIENT\Debug\rc.write.1.tlog
D:\ZMQ\ZMQ_CLIENT\ZMQ_CLIENT\Debug\vc100.idb
D:\ZMQ\ZMQ_CLIENT\ZMQ_CLIENT\DEBUG\VC100.PDB
D:\ZMQ\ZMQ_CLIENT\ZMQ_CLIENT\DEBUG\ZMQ_CLIENT.EXE.EMBED.MANIFEST
D:\ZMQ\ZMQ_CLIENT\ZMQ_CLIENT\DEBUG\ZMQ_CLIENT.EXE.EMBED.MANIFEST.RES
D:\ZMQ\ZMQ_CLIENT\ZMQ_CLIENT\DEBUG\ZMQ_CLIENT.EXE.INTERMEDIATE.MANIFEST
D:\ZMQ\ZMQ_CLIENT\ZMQ_CLIENT\Debug\ZMQ_CLIENT_manifest.rc
