Determining if the Q_WS_WIN exist failed with the following output:
Change Dir: /mnt/disk/PTPS/PTPS/CMakeFiles/CMakeTmp

Run Build Command:/usr/bin/gmake "cmTryCompileExec2426784634/fast"
/usr/bin/gmake -f CMakeFiles/cmTryCompileExec2426784634.dir/build.make CMakeFiles/cmTryCompileExec2426784634.dir/build
gmake[1]: 进入目录“/mnt/disk/PTPS/PTPS/CMakeFiles/CMakeTmp”
/usr/bin/cmake -E cmake_progress_report /mnt/disk/PTPS/PTPS/CMakeFiles/CMakeTmp/CMakeFiles 1
Building CXX object CMakeFiles/cmTryCompileExec2426784634.dir/CheckSymbolExists.cxx.o
/usr/bin/c++    -I/mnt/disk/soft/qt-4.8.2/include    -o CMakeFiles/cmTryCompileExec2426784634.dir/CheckSymbolExists.cxx.o -c /mnt/disk/PTPS/PTPS/CMakeFiles/CMakeTmp/CheckSymbolExists.cxx
/mnt/disk/PTPS/PTPS/CMakeFiles/CMakeTmp/CheckSymbolExists.cxx: 在函数‘int main(int, char**)’中:
/mnt/disk/PTPS/PTPS/CMakeFiles/CMakeTmp/CheckSymbolExists.cxx:8:19: 错误：‘Q_WS_WIN’在此作用域中尚未声明
   return ((int*)(&Q_WS_WIN))[argc];
                   ^
gmake[1]: 离开目录“/mnt/disk/PTPS/PTPS/CMakeFiles/CMakeTmp”
gmake[1]: *** [CMakeFiles/cmTryCompileExec2426784634.dir/CheckSymbolExists.cxx.o] 错误 1
gmake: *** [cmTryCompileExec2426784634/fast] 错误 2

File /mnt/disk/PTPS/PTPS/CMakeFiles/CMakeTmp/CheckSymbolExists.cxx:
/* */
#include <QtCore/qglobal.h>

int main(int argc, char** argv)
{
  (void)argv;
#ifndef Q_WS_WIN
  return ((int*)(&Q_WS_WIN))[argc];
#else
  (void)argc;
  return 0;
#endif
}

Determining if the Q_WS_QWS exist failed with the following output:
Change Dir: /mnt/disk/PTPS/PTPS/CMakeFiles/CMakeTmp

Run Build Command:/usr/bin/gmake "cmTryCompileExec1130536198/fast"
/usr/bin/gmake -f CMakeFiles/cmTryCompileExec1130536198.dir/build.make CMakeFiles/cmTryCompileExec1130536198.dir/build
gmake[1]: 进入目录“/mnt/disk/PTPS/PTPS/CMakeFiles/CMakeTmp”
/usr/bin/cmake -E cmake_progress_report /mnt/disk/PTPS/PTPS/CMakeFiles/CMakeTmp/CMakeFiles 1
Building CXX object CMakeFiles/cmTryCompileExec1130536198.dir/CheckSymbolExists.cxx.o
/usr/bin/c++    -I/mnt/disk/soft/qt-4.8.2/include    -o CMakeFiles/cmTryCompileExec1130536198.dir/CheckSymbolExists.cxx.o -c /mnt/disk/PTPS/PTPS/CMakeFiles/CMakeTmp/CheckSymbolExists.cxx
/mnt/disk/PTPS/PTPS/CMakeFiles/CMakeTmp/CheckSymbolExists.cxx: 在函数‘int main(int, char**)’中:
/mnt/disk/PTPS/PTPS/CMakeFiles/CMakeTmp/CheckSymbolExists.cxx:8:19: 错误：‘Q_WS_QWS’在此作用域中尚未声明
   return ((int*)(&Q_WS_QWS))[argc];
                   ^
gmake[1]: 离开目录“/mnt/disk/PTPS/PTPS/CMakeFiles/CMakeTmp”
gmake[1]: *** [CMakeFiles/cmTryCompileExec1130536198.dir/CheckSymbolExists.cxx.o] 错误 1
gmake: *** [cmTryCompileExec1130536198/fast] 错误 2

File /mnt/disk/PTPS/PTPS/CMakeFiles/CMakeTmp/CheckSymbolExists.cxx:
/* */
#include <QtCore/qglobal.h>

int main(int argc, char** argv)
{
  (void)argv;
#ifndef Q_WS_QWS
  return ((int*)(&Q_WS_QWS))[argc];
#else
  (void)argc;
  return 0;
#endif
}

Determining if the Q_WS_MAC exist failed with the following output:
Change Dir: /mnt/disk/PTPS/PTPS/CMakeFiles/CMakeTmp

Run Build Command:/usr/bin/gmake "cmTryCompileExec84818872/fast"
/usr/bin/gmake -f CMakeFiles/cmTryCompileExec84818872.dir/build.make CMakeFiles/cmTryCompileExec84818872.dir/build
gmake[1]: 进入目录“/mnt/disk/PTPS/PTPS/CMakeFiles/CMakeTmp”
/usr/bin/cmake -E cmake_progress_report /mnt/disk/PTPS/PTPS/CMakeFiles/CMakeTmp/CMakeFiles 1
Building CXX object CMakeFiles/cmTryCompileExec84818872.dir/CheckSymbolExists.cxx.o
/usr/bin/c++    -I/mnt/disk/soft/qt-4.8.2/include    -o CMakeFiles/cmTryCompileExec84818872.dir/CheckSymbolExists.cxx.o -c /mnt/disk/PTPS/PTPS/CMakeFiles/CMakeTmp/CheckSymbolExists.cxx
/mnt/disk/PTPS/PTPS/CMakeFiles/CMakeTmp/CheckSymbolExists.cxx: 在函数‘int main(int, char**)’中:
/mnt/disk/PTPS/PTPS/CMakeFiles/CMakeTmp/CheckSymbolExists.cxx:8:19: 错误：‘Q_WS_MAC’在此作用域中尚未声明
   return ((int*)(&Q_WS_MAC))[argc];
                   ^
gmake[1]: 离开目录“/mnt/disk/PTPS/PTPS/CMakeFiles/CMakeTmp”
gmake[1]: *** [CMakeFiles/cmTryCompileExec84818872.dir/CheckSymbolExists.cxx.o] 错误 1
gmake: *** [cmTryCompileExec84818872/fast] 错误 2

File /mnt/disk/PTPS/PTPS/CMakeFiles/CMakeTmp/CheckSymbolExists.cxx:
/* */
#include <QtCore/qglobal.h>

int main(int argc, char** argv)
{
  (void)argv;
#ifndef Q_WS_MAC
  return ((int*)(&Q_WS_MAC))[argc];
#else
  (void)argc;
  return 0;
#endif
}

