The system is: Linux - 3.13.10-200.fc20.i686 - i686
Compiling the C compiler identification source file "CMakeCCompilerId.c" succeeded.
Compiler: /usr/bin/cc 
Build flags: 
Id flags: 

The output was:
0


Compilation of the C compiler identification source "CMakeCCompilerId.c" produced "a.out"

The C compiler identification is GNU, found in "/mnt/disk/PTPS/PTPS/CMakeFiles/2.8.12.2/CompilerIdC/a.out"

Compiling the CXX compiler identification source file "CMakeCXXCompilerId.cpp" succeeded.
Compiler: /usr/bin/c++ 
Build flags: 
Id flags: 

The output was:
0


Compilation of the CXX compiler identification source "CMakeCXXCompilerId.cpp" produced "a.out"

The CXX compiler identification is GNU, found in "/mnt/disk/PTPS/PTPS/CMakeFiles/2.8.12.2/CompilerIdCXX/a.out"

Determining if the C compiler works passed with the following output:
Change Dir: /mnt/disk/PTPS/PTPS/CMakeFiles/CMakeTmp

Run Build Command:/usr/bin/gmake "cmTryCompileExec3380928803/fast"
/usr/bin/gmake -f CMakeFiles/cmTryCompileExec3380928803.dir/build.make CMakeFiles/cmTryCompileExec3380928803.dir/build
gmake[1]: 进入目录“/mnt/disk/PTPS/PTPS/CMakeFiles/CMakeTmp”
/usr/bin/cmake -E cmake_progress_report /mnt/disk/PTPS/PTPS/CMakeFiles/CMakeTmp/CMakeFiles 1
Building C object CMakeFiles/cmTryCompileExec3380928803.dir/testCCompiler.c.o
/usr/bin/cc    -o CMakeFiles/cmTryCompileExec3380928803.dir/testCCompiler.c.o   -c /mnt/disk/PTPS/PTPS/CMakeFiles/CMakeTmp/testCCompiler.c
Linking C executable cmTryCompileExec3380928803
/usr/bin/cmake -E cmake_link_script CMakeFiles/cmTryCompileExec3380928803.dir/link.txt --verbose=1
/usr/bin/cc       CMakeFiles/cmTryCompileExec3380928803.dir/testCCompiler.c.o  -o cmTryCompileExec3380928803 -rdynamic 
gmake[1]: 离开目录“/mnt/disk/PTPS/PTPS/CMakeFiles/CMakeTmp”


Detecting C compiler ABI info compiled with the following output:
Change Dir: /mnt/disk/PTPS/PTPS/CMakeFiles/CMakeTmp

Run Build Command:/usr/bin/gmake "cmTryCompileExec3063072310/fast"
/usr/bin/gmake -f CMakeFiles/cmTryCompileExec3063072310.dir/build.make CMakeFiles/cmTryCompileExec3063072310.dir/build
gmake[1]: 进入目录“/mnt/disk/PTPS/PTPS/CMakeFiles/CMakeTmp”
/usr/bin/cmake -E cmake_progress_report /mnt/disk/PTPS/PTPS/CMakeFiles/CMakeTmp/CMakeFiles 1
Building C object CMakeFiles/cmTryCompileExec3063072310.dir/CMakeCCompilerABI.c.o
/usr/bin/cc    -o CMakeFiles/cmTryCompileExec3063072310.dir/CMakeCCompilerABI.c.o   -c /usr/share/cmake/Modules/CMakeCCompilerABI.c
Linking C executable cmTryCompileExec3063072310
/usr/bin/cmake -E cmake_link_script CMakeFiles/cmTryCompileExec3063072310.dir/link.txt --verbose=1
/usr/bin/cc     -v CMakeFiles/cmTryCompileExec3063072310.dir/CMakeCCompilerABI.c.o  -o cmTryCompileExec3063072310 -rdynamic  
使用内建 specs。
COLLECT_GCC=/usr/bin/cc
COLLECT_LTO_WRAPPER=/usr/libexec/gcc/i686-redhat-linux/4.8.2/lto-wrapper
目标：i686-redhat-linux
配置为：../configure --prefix=/usr --mandir=/usr/share/man --infodir=/usr/share/info --with-bugurl=http://bugzilla.redhat.com/bugzilla --enable-bootstrap --enable-shared --enable-threads=posix --enable-checking=release --with-system-zlib --enable-__cxa_atexit --disable-libunwind-exceptions --enable-gnu-unique-object --enable-linker-build-id --with-linker-hash-style=gnu --enable-languages=c,c++,objc,obj-c++,java,fortran,ada,go,lto --enable-plugin --enable-initfini-array --enable-java-awt=gtk --disable-dssi --with-java-home=/usr/lib/jvm/java-1.5.0-gcj-1.5.0.0/jre --enable-libgcj-multifile --enable-java-maintainer-mode --with-ecj-jar=/usr/share/java/eclipse-ecj.jar --disable-libjava-multilib --with-isl=/builddir/build/BUILD/gcc-4.8.2-20131212/obj-i686-redhat-linux/isl-install --with-cloog=/builddir/build/BUILD/gcc-4.8.2-20131212/obj-i686-redhat-linux/cloog-install --with-tune=generic --with-arch=i686 --build=i686-redhat-linux
线程模型：posix
gcc 版本 4.8.2 20131212 (Red Hat 4.8.2-7) (GCC) 
COMPILER_PATH=/usr/libexec/gcc/i686-redhat-linux/4.8.2/:/usr/libexec/gcc/i686-redhat-linux/4.8.2/:/usr/libexec/gcc/i686-redhat-linux/:/usr/lib/gcc/i686-redhat-linux/4.8.2/:/usr/lib/gcc/i686-redhat-linux/
LIBRARY_PATH=/usr/lib/gcc/i686-redhat-linux/4.8.2/:/usr/lib/gcc/i686-redhat-linux/4.8.2/../../../:/lib/:/usr/lib/
COLLECT_GCC_OPTIONS='-v' '-o' 'cmTryCompileExec3063072310' '-rdynamic' '-mtune=generic' '-march=i686'
 /usr/libexec/gcc/i686-redhat-linux/4.8.2/collect2 --build-id --no-add-needed --eh-frame-hdr --hash-style=gnu -m elf_i386 -export-dynamic -dynamic-linker /lib/ld-linux.so.2 -o cmTryCompileExec3063072310 /usr/lib/gcc/i686-redhat-linux/4.8.2/../../../crt1.o /usr/lib/gcc/i686-redhat-linux/4.8.2/../../../crti.o /usr/lib/gcc/i686-redhat-linux/4.8.2/crtbegin.o -L/usr/lib/gcc/i686-redhat-linux/4.8.2 -L/usr/lib/gcc/i686-redhat-linux/4.8.2/../../.. CMakeFiles/cmTryCompileExec3063072310.dir/CMakeCCompilerABI.c.o -lgcc --as-needed -lgcc_s --no-as-needed -lc -lgcc --as-needed -lgcc_s --no-as-needed /usr/lib/gcc/i686-redhat-linux/4.8.2/crtend.o /usr/lib/gcc/i686-redhat-linux/4.8.2/../../../crtn.o
gmake[1]: 离开目录“/mnt/disk/PTPS/PTPS/CMakeFiles/CMakeTmp”


Parsed C implicit link information from above output:
  link line regex: [^( *|.*[/\])(ld|([^/\]+-)?ld|collect2)[^/\]*( |$)]
  ignore line: [Change Dir: /mnt/disk/PTPS/PTPS/CMakeFiles/CMakeTmp]
  ignore line: []
  ignore line: [Run Build Command:/usr/bin/gmake "cmTryCompileExec3063072310/fast"]
  ignore line: [/usr/bin/gmake -f CMakeFiles/cmTryCompileExec3063072310.dir/build.make CMakeFiles/cmTryCompileExec3063072310.dir/build]
  ignore line: [gmake[1]: 进入目录“/mnt/disk/PTPS/PTPS/CMakeFiles/CMakeTmp”]
  ignore line: [/usr/bin/cmake -E cmake_progress_report /mnt/disk/PTPS/PTPS/CMakeFiles/CMakeTmp/CMakeFiles 1]
  ignore line: [Building C object CMakeFiles/cmTryCompileExec3063072310.dir/CMakeCCompilerABI.c.o]
  ignore line: [/usr/bin/cc    -o CMakeFiles/cmTryCompileExec3063072310.dir/CMakeCCompilerABI.c.o   -c /usr/share/cmake/Modules/CMakeCCompilerABI.c]
  ignore line: [Linking C executable cmTryCompileExec3063072310]
  ignore line: [/usr/bin/cmake -E cmake_link_script CMakeFiles/cmTryCompileExec3063072310.dir/link.txt --verbose=1]
  ignore line: [/usr/bin/cc     -v CMakeFiles/cmTryCompileExec3063072310.dir/CMakeCCompilerABI.c.o  -o cmTryCompileExec3063072310 -rdynamic  ]
  ignore line: [使用内建 specs。]
  ignore line: [COLLECT_GCC=/usr/bin/cc]
  ignore line: [COLLECT_LTO_WRAPPER=/usr/libexec/gcc/i686-redhat-linux/4.8.2/lto-wrapper]
  ignore line: [目标：i686-redhat-linux]
  ignore line: [配置为：../configure --prefix=/usr --mandir=/usr/share/man --infodir=/usr/share/info --with-bugurl=http://bugzilla.redhat.com/bugzilla --enable-bootstrap --enable-shared --enable-threads=posix --enable-checking=release --with-system-zlib --enable-__cxa_atexit --disable-libunwind-exceptions --enable-gnu-unique-object --enable-linker-build-id --with-linker-hash-style=gnu --enable-languages=c,c++,objc,obj-c++,java,fortran,ada,go,lto --enable-plugin --enable-initfini-array --enable-java-awt=gtk --disable-dssi --with-java-home=/usr/lib/jvm/java-1.5.0-gcj-1.5.0.0/jre --enable-libgcj-multifile --enable-java-maintainer-mode --with-ecj-jar=/usr/share/java/eclipse-ecj.jar --disable-libjava-multilib --with-isl=/builddir/build/BUILD/gcc-4.8.2-20131212/obj-i686-redhat-linux/isl-install --with-cloog=/builddir/build/BUILD/gcc-4.8.2-20131212/obj-i686-redhat-linux/cloog-install --with-tune=generic --with-arch=i686 --build=i686-redhat-linux]
  ignore line: [线程模型：posix]
  ignore line: [gcc 版本 4.8.2 20131212 (Red Hat 4.8.2-7) (GCC) ]
  ignore line: [COMPILER_PATH=/usr/libexec/gcc/i686-redhat-linux/4.8.2/:/usr/libexec/gcc/i686-redhat-linux/4.8.2/:/usr/libexec/gcc/i686-redhat-linux/:/usr/lib/gcc/i686-redhat-linux/4.8.2/:/usr/lib/gcc/i686-redhat-linux/]
  ignore line: [LIBRARY_PATH=/usr/lib/gcc/i686-redhat-linux/4.8.2/:/usr/lib/gcc/i686-redhat-linux/4.8.2/../../../:/lib/:/usr/lib/]
  ignore line: [COLLECT_GCC_OPTIONS='-v' '-o' 'cmTryCompileExec3063072310' '-rdynamic' '-mtune=generic' '-march=i686']
  link line: [ /usr/libexec/gcc/i686-redhat-linux/4.8.2/collect2 --build-id --no-add-needed --eh-frame-hdr --hash-style=gnu -m elf_i386 -export-dynamic -dynamic-linker /lib/ld-linux.so.2 -o cmTryCompileExec3063072310 /usr/lib/gcc/i686-redhat-linux/4.8.2/../../../crt1.o /usr/lib/gcc/i686-redhat-linux/4.8.2/../../../crti.o /usr/lib/gcc/i686-redhat-linux/4.8.2/crtbegin.o -L/usr/lib/gcc/i686-redhat-linux/4.8.2 -L/usr/lib/gcc/i686-redhat-linux/4.8.2/../../.. CMakeFiles/cmTryCompileExec3063072310.dir/CMakeCCompilerABI.c.o -lgcc --as-needed -lgcc_s --no-as-needed -lc -lgcc --as-needed -lgcc_s --no-as-needed /usr/lib/gcc/i686-redhat-linux/4.8.2/crtend.o /usr/lib/gcc/i686-redhat-linux/4.8.2/../../../crtn.o]
    arg [/usr/libexec/gcc/i686-redhat-linux/4.8.2/collect2] ==> ignore
    arg [--build-id] ==> ignore
    arg [--no-add-needed] ==> ignore
    arg [--eh-frame-hdr] ==> ignore
    arg [--hash-style=gnu] ==> ignore
    arg [-m] ==> ignore
    arg [elf_i386] ==> ignore
    arg [-export-dynamic] ==> ignore
    arg [-dynamic-linker] ==> ignore
    arg [/lib/ld-linux.so.2] ==> ignore
    arg [-o] ==> ignore
    arg [cmTryCompileExec3063072310] ==> ignore
    arg [/usr/lib/gcc/i686-redhat-linux/4.8.2/../../../crt1.o] ==> ignore
    arg [/usr/lib/gcc/i686-redhat-linux/4.8.2/../../../crti.o] ==> ignore
    arg [/usr/lib/gcc/i686-redhat-linux/4.8.2/crtbegin.o] ==> ignore
    arg [-L/usr/lib/gcc/i686-redhat-linux/4.8.2] ==> dir [/usr/lib/gcc/i686-redhat-linux/4.8.2]
    arg [-L/usr/lib/gcc/i686-redhat-linux/4.8.2/../../..] ==> dir [/usr/lib/gcc/i686-redhat-linux/4.8.2/../../..]
    arg [CMakeFiles/cmTryCompileExec3063072310.dir/CMakeCCompilerABI.c.o] ==> ignore
    arg [-lgcc] ==> lib [gcc]
    arg [--as-needed] ==> ignore
    arg [-lgcc_s] ==> lib [gcc_s]
    arg [--no-as-needed] ==> ignore
    arg [-lc] ==> lib [c]
    arg [-lgcc] ==> lib [gcc]
    arg [--as-needed] ==> ignore
    arg [-lgcc_s] ==> lib [gcc_s]
    arg [--no-as-needed] ==> ignore
    arg [/usr/lib/gcc/i686-redhat-linux/4.8.2/crtend.o] ==> ignore
    arg [/usr/lib/gcc/i686-redhat-linux/4.8.2/../../../crtn.o] ==> ignore
  remove lib [gcc]
  remove lib [gcc_s]
  remove lib [gcc]
  remove lib [gcc_s]
  collapse library dir [/usr/lib/gcc/i686-redhat-linux/4.8.2] ==> [/usr/lib/gcc/i686-redhat-linux/4.8.2]
  collapse library dir [/usr/lib/gcc/i686-redhat-linux/4.8.2/../../..] ==> [/usr/lib]
  implicit libs: [c]
  implicit dirs: [/usr/lib/gcc/i686-redhat-linux/4.8.2;/usr/lib]
  implicit fwks: []


Determining if the CXX compiler works passed with the following output:
Change Dir: /mnt/disk/PTPS/PTPS/CMakeFiles/CMakeTmp

Run Build Command:/usr/bin/gmake "cmTryCompileExec1142723778/fast"
/usr/bin/gmake -f CMakeFiles/cmTryCompileExec1142723778.dir/build.make CMakeFiles/cmTryCompileExec1142723778.dir/build
gmake[1]: 进入目录“/mnt/disk/PTPS/PTPS/CMakeFiles/CMakeTmp”
/usr/bin/cmake -E cmake_progress_report /mnt/disk/PTPS/PTPS/CMakeFiles/CMakeTmp/CMakeFiles 1
Building CXX object CMakeFiles/cmTryCompileExec1142723778.dir/testCXXCompiler.cxx.o
/usr/bin/c++     -o CMakeFiles/cmTryCompileExec1142723778.dir/testCXXCompiler.cxx.o -c /mnt/disk/PTPS/PTPS/CMakeFiles/CMakeTmp/testCXXCompiler.cxx
Linking CXX executable cmTryCompileExec1142723778
/usr/bin/cmake -E cmake_link_script CMakeFiles/cmTryCompileExec1142723778.dir/link.txt --verbose=1
/usr/bin/c++        CMakeFiles/cmTryCompileExec1142723778.dir/testCXXCompiler.cxx.o  -o cmTryCompileExec1142723778 -rdynamic 
gmake[1]: 离开目录“/mnt/disk/PTPS/PTPS/CMakeFiles/CMakeTmp”


Detecting CXX compiler ABI info compiled with the following output:
Change Dir: /mnt/disk/PTPS/PTPS/CMakeFiles/CMakeTmp

Run Build Command:/usr/bin/gmake "cmTryCompileExec2927700701/fast"
/usr/bin/gmake -f CMakeFiles/cmTryCompileExec2927700701.dir/build.make CMakeFiles/cmTryCompileExec2927700701.dir/build
gmake[1]: 进入目录“/mnt/disk/PTPS/PTPS/CMakeFiles/CMakeTmp”
/usr/bin/cmake -E cmake_progress_report /mnt/disk/PTPS/PTPS/CMakeFiles/CMakeTmp/CMakeFiles 1
Building CXX object CMakeFiles/cmTryCompileExec2927700701.dir/CMakeCXXCompilerABI.cpp.o
/usr/bin/c++     -o CMakeFiles/cmTryCompileExec2927700701.dir/CMakeCXXCompilerABI.cpp.o -c /usr/share/cmake/Modules/CMakeCXXCompilerABI.cpp
Linking CXX executable cmTryCompileExec2927700701
/usr/bin/cmake -E cmake_link_script CMakeFiles/cmTryCompileExec2927700701.dir/link.txt --verbose=1
/usr/bin/c++      -v CMakeFiles/cmTryCompileExec2927700701.dir/CMakeCXXCompilerABI.cpp.o  -o cmTryCompileExec2927700701 -rdynamic  
使用内建 specs。
COLLECT_GCC=/usr/bin/c++
COLLECT_LTO_WRAPPER=/usr/libexec/gcc/i686-redhat-linux/4.8.2/lto-wrapper
目标：i686-redhat-linux
配置为：../configure --prefix=/usr --mandir=/usr/share/man --infodir=/usr/share/info --with-bugurl=http://bugzilla.redhat.com/bugzilla --enable-bootstrap --enable-shared --enable-threads=posix --enable-checking=release --with-system-zlib --enable-__cxa_atexit --disable-libunwind-exceptions --enable-gnu-unique-object --enable-linker-build-id --with-linker-hash-style=gnu --enable-languages=c,c++,objc,obj-c++,java,fortran,ada,go,lto --enable-plugin --enable-initfini-array --enable-java-awt=gtk --disable-dssi --with-java-home=/usr/lib/jvm/java-1.5.0-gcj-1.5.0.0/jre --enable-libgcj-multifile --enable-java-maintainer-mode --with-ecj-jar=/usr/share/java/eclipse-ecj.jar --disable-libjava-multilib --with-isl=/builddir/build/BUILD/gcc-4.8.2-20131212/obj-i686-redhat-linux/isl-install --with-cloog=/builddir/build/BUILD/gcc-4.8.2-20131212/obj-i686-redhat-linux/cloog-install --with-tune=generic --with-arch=i686 --build=i686-redhat-linux
线程模型：posix
gcc 版本 4.8.2 20131212 (Red Hat 4.8.2-7) (GCC) 
COMPILER_PATH=/usr/libexec/gcc/i686-redhat-linux/4.8.2/:/usr/libexec/gcc/i686-redhat-linux/4.8.2/:/usr/libexec/gcc/i686-redhat-linux/:/usr/lib/gcc/i686-redhat-linux/4.8.2/:/usr/lib/gcc/i686-redhat-linux/
LIBRARY_PATH=/usr/lib/gcc/i686-redhat-linux/4.8.2/:/usr/lib/gcc/i686-redhat-linux/4.8.2/../../../:/lib/:/usr/lib/
COLLECT_GCC_OPTIONS='-v' '-o' 'cmTryCompileExec2927700701' '-rdynamic' '-shared-libgcc' '-mtune=generic' '-march=i686'
 /usr/libexec/gcc/i686-redhat-linux/4.8.2/collect2 --build-id --no-add-needed --eh-frame-hdr --hash-style=gnu -m elf_i386 -export-dynamic -dynamic-linker /lib/ld-linux.so.2 -o cmTryCompileExec2927700701 /usr/lib/gcc/i686-redhat-linux/4.8.2/../../../crt1.o /usr/lib/gcc/i686-redhat-linux/4.8.2/../../../crti.o /usr/lib/gcc/i686-redhat-linux/4.8.2/crtbegin.o -L/usr/lib/gcc/i686-redhat-linux/4.8.2 -L/usr/lib/gcc/i686-redhat-linux/4.8.2/../../.. CMakeFiles/cmTryCompileExec2927700701.dir/CMakeCXXCompilerABI.cpp.o -lstdc++ -lm -lgcc_s -lgcc -lc -lgcc_s -lgcc /usr/lib/gcc/i686-redhat-linux/4.8.2/crtend.o /usr/lib/gcc/i686-redhat-linux/4.8.2/../../../crtn.o
gmake[1]: 离开目录“/mnt/disk/PTPS/PTPS/CMakeFiles/CMakeTmp”


Parsed CXX implicit link information from above output:
  link line regex: [^( *|.*[/\])(ld|([^/\]+-)?ld|collect2)[^/\]*( |$)]
  ignore line: [Change Dir: /mnt/disk/PTPS/PTPS/CMakeFiles/CMakeTmp]
  ignore line: []
  ignore line: [Run Build Command:/usr/bin/gmake "cmTryCompileExec2927700701/fast"]
  ignore line: [/usr/bin/gmake -f CMakeFiles/cmTryCompileExec2927700701.dir/build.make CMakeFiles/cmTryCompileExec2927700701.dir/build]
  ignore line: [gmake[1]: 进入目录“/mnt/disk/PTPS/PTPS/CMakeFiles/CMakeTmp”]
  ignore line: [/usr/bin/cmake -E cmake_progress_report /mnt/disk/PTPS/PTPS/CMakeFiles/CMakeTmp/CMakeFiles 1]
  ignore line: [Building CXX object CMakeFiles/cmTryCompileExec2927700701.dir/CMakeCXXCompilerABI.cpp.o]
  ignore line: [/usr/bin/c++     -o CMakeFiles/cmTryCompileExec2927700701.dir/CMakeCXXCompilerABI.cpp.o -c /usr/share/cmake/Modules/CMakeCXXCompilerABI.cpp]
  ignore line: [Linking CXX executable cmTryCompileExec2927700701]
  ignore line: [/usr/bin/cmake -E cmake_link_script CMakeFiles/cmTryCompileExec2927700701.dir/link.txt --verbose=1]
  ignore line: [/usr/bin/c++      -v CMakeFiles/cmTryCompileExec2927700701.dir/CMakeCXXCompilerABI.cpp.o  -o cmTryCompileExec2927700701 -rdynamic  ]
  ignore line: [使用内建 specs。]
  ignore line: [COLLECT_GCC=/usr/bin/c++]
  ignore line: [COLLECT_LTO_WRAPPER=/usr/libexec/gcc/i686-redhat-linux/4.8.2/lto-wrapper]
  ignore line: [目标：i686-redhat-linux]
  ignore line: [配置为：../configure --prefix=/usr --mandir=/usr/share/man --infodir=/usr/share/info --with-bugurl=http://bugzilla.redhat.com/bugzilla --enable-bootstrap --enable-shared --enable-threads=posix --enable-checking=release --with-system-zlib --enable-__cxa_atexit --disable-libunwind-exceptions --enable-gnu-unique-object --enable-linker-build-id --with-linker-hash-style=gnu --enable-languages=c,c++,objc,obj-c++,java,fortran,ada,go,lto --enable-plugin --enable-initfini-array --enable-java-awt=gtk --disable-dssi --with-java-home=/usr/lib/jvm/java-1.5.0-gcj-1.5.0.0/jre --enable-libgcj-multifile --enable-java-maintainer-mode --with-ecj-jar=/usr/share/java/eclipse-ecj.jar --disable-libjava-multilib --with-isl=/builddir/build/BUILD/gcc-4.8.2-20131212/obj-i686-redhat-linux/isl-install --with-cloog=/builddir/build/BUILD/gcc-4.8.2-20131212/obj-i686-redhat-linux/cloog-install --with-tune=generic --with-arch=i686 --build=i686-redhat-linux]
  ignore line: [线程模型：posix]
  ignore line: [gcc 版本 4.8.2 20131212 (Red Hat 4.8.2-7) (GCC) ]
  ignore line: [COMPILER_PATH=/usr/libexec/gcc/i686-redhat-linux/4.8.2/:/usr/libexec/gcc/i686-redhat-linux/4.8.2/:/usr/libexec/gcc/i686-redhat-linux/:/usr/lib/gcc/i686-redhat-linux/4.8.2/:/usr/lib/gcc/i686-redhat-linux/]
  ignore line: [LIBRARY_PATH=/usr/lib/gcc/i686-redhat-linux/4.8.2/:/usr/lib/gcc/i686-redhat-linux/4.8.2/../../../:/lib/:/usr/lib/]
  ignore line: [COLLECT_GCC_OPTIONS='-v' '-o' 'cmTryCompileExec2927700701' '-rdynamic' '-shared-libgcc' '-mtune=generic' '-march=i686']
  link line: [ /usr/libexec/gcc/i686-redhat-linux/4.8.2/collect2 --build-id --no-add-needed --eh-frame-hdr --hash-style=gnu -m elf_i386 -export-dynamic -dynamic-linker /lib/ld-linux.so.2 -o cmTryCompileExec2927700701 /usr/lib/gcc/i686-redhat-linux/4.8.2/../../../crt1.o /usr/lib/gcc/i686-redhat-linux/4.8.2/../../../crti.o /usr/lib/gcc/i686-redhat-linux/4.8.2/crtbegin.o -L/usr/lib/gcc/i686-redhat-linux/4.8.2 -L/usr/lib/gcc/i686-redhat-linux/4.8.2/../../.. CMakeFiles/cmTryCompileExec2927700701.dir/CMakeCXXCompilerABI.cpp.o -lstdc++ -lm -lgcc_s -lgcc -lc -lgcc_s -lgcc /usr/lib/gcc/i686-redhat-linux/4.8.2/crtend.o /usr/lib/gcc/i686-redhat-linux/4.8.2/../../../crtn.o]
    arg [/usr/libexec/gcc/i686-redhat-linux/4.8.2/collect2] ==> ignore
    arg [--build-id] ==> ignore
    arg [--no-add-needed] ==> ignore
    arg [--eh-frame-hdr] ==> ignore
    arg [--hash-style=gnu] ==> ignore
    arg [-m] ==> ignore
    arg [elf_i386] ==> ignore
    arg [-export-dynamic] ==> ignore
    arg [-dynamic-linker] ==> ignore
    arg [/lib/ld-linux.so.2] ==> ignore
    arg [-o] ==> ignore
    arg [cmTryCompileExec2927700701] ==> ignore
    arg [/usr/lib/gcc/i686-redhat-linux/4.8.2/../../../crt1.o] ==> ignore
    arg [/usr/lib/gcc/i686-redhat-linux/4.8.2/../../../crti.o] ==> ignore
    arg [/usr/lib/gcc/i686-redhat-linux/4.8.2/crtbegin.o] ==> ignore
    arg [-L/usr/lib/gcc/i686-redhat-linux/4.8.2] ==> dir [/usr/lib/gcc/i686-redhat-linux/4.8.2]
    arg [-L/usr/lib/gcc/i686-redhat-linux/4.8.2/../../..] ==> dir [/usr/lib/gcc/i686-redhat-linux/4.8.2/../../..]
    arg [CMakeFiles/cmTryCompileExec2927700701.dir/CMakeCXXCompilerABI.cpp.o] ==> ignore
    arg [-lstdc++] ==> lib [stdc++]
    arg [-lm] ==> lib [m]
    arg [-lgcc_s] ==> lib [gcc_s]
    arg [-lgcc] ==> lib [gcc]
    arg [-lc] ==> lib [c]
    arg [-lgcc_s] ==> lib [gcc_s]
    arg [-lgcc] ==> lib [gcc]
    arg [/usr/lib/gcc/i686-redhat-linux/4.8.2/crtend.o] ==> ignore
    arg [/usr/lib/gcc/i686-redhat-linux/4.8.2/../../../crtn.o] ==> ignore
  remove lib [gcc_s]
  remove lib [gcc]
  remove lib [gcc_s]
  remove lib [gcc]
  collapse library dir [/usr/lib/gcc/i686-redhat-linux/4.8.2] ==> [/usr/lib/gcc/i686-redhat-linux/4.8.2]
  collapse library dir [/usr/lib/gcc/i686-redhat-linux/4.8.2/../../..] ==> [/usr/lib]
  implicit libs: [stdc++;m;c]
  implicit dirs: [/usr/lib/gcc/i686-redhat-linux/4.8.2;/usr/lib]
  implicit fwks: []


Determining if the Q_WS_X11 exist passed with the following output:
Change Dir: /mnt/disk/PTPS/PTPS/CMakeFiles/CMakeTmp

Run Build Command:/usr/bin/gmake "cmTryCompileExec3937699988/fast"
/usr/bin/gmake -f CMakeFiles/cmTryCompileExec3937699988.dir/build.make CMakeFiles/cmTryCompileExec3937699988.dir/build
gmake[1]: 进入目录“/mnt/disk/PTPS/PTPS/CMakeFiles/CMakeTmp”
/usr/bin/cmake -E cmake_progress_report /mnt/disk/PTPS/PTPS/CMakeFiles/CMakeTmp/CMakeFiles 1
Building CXX object CMakeFiles/cmTryCompileExec3937699988.dir/CheckSymbolExists.cxx.o
/usr/bin/c++    -I/mnt/disk/soft/qt-4.8.2/include    -o CMakeFiles/cmTryCompileExec3937699988.dir/CheckSymbolExists.cxx.o -c /mnt/disk/PTPS/PTPS/CMakeFiles/CMakeTmp/CheckSymbolExists.cxx
Linking CXX executable cmTryCompileExec3937699988
/usr/bin/cmake -E cmake_link_script CMakeFiles/cmTryCompileExec3937699988.dir/link.txt --verbose=1
/usr/bin/c++        CMakeFiles/cmTryCompileExec3937699988.dir/CheckSymbolExists.cxx.o  -o cmTryCompileExec3937699988 -rdynamic 
gmake[1]: 离开目录“/mnt/disk/PTPS/PTPS/CMakeFiles/CMakeTmp”

File /mnt/disk/PTPS/PTPS/CMakeFiles/CMakeTmp/CheckSymbolExists.cxx:
/* */
#include <QtCore/qglobal.h>

int main(int argc, char** argv)
{
  (void)argv;
#ifndef Q_WS_X11
  return ((int*)(&Q_WS_X11))[argc];
#else
  (void)argc;
  return 0;
#endif
}

